2536
-9644 -9715
-9478 -9956
-9273 -9903
-9219 -9772
-9028 -9826
-8945 -8946
-8924 -9343
-8833 -9694
-8753 -9529
-8618 -9173
-8599 -8897
-8578 -9837
-8390 -9399
-8347 -9420
-8333 -8972
-8292 -9747
-8236 -8460
-8149 -9708
-8147 -9595
-8123 -8146
-8085 -9109
-8070 -8301
-8048 -8096
-8038 -9860
-8020 -8085
-7996 -9055
-7971 -9235
-7948 -9412
-7947 -9967
-7939 -8332
-7931 -8328
-7929 -9925
-7888 -8033
-7862 -8757
-7827 -7845
-7764 -9155
-7760 -8848
-7735 -8352
-7709 -9027
-7698 -9263
-7698 -8349
-7626 -7673
-7608 -7732
-7562 -7633
-7552 -8585
-7532 -9138
-7498 -7529
-7395 -7544
-7345 -8145
-7334 -9910
-7332 -9491
-7324 -9442
-7298 -9506
-7277 -9377
-7275 -9091
-7220 -9718
-7212 -9278
-7164 -7262
-7162 -7338
-7152 -8807
-7128 -7154
-7119 -7633
-7099 -9022
-7094 -7886
-7062 -9747
-7025 -8778
-7001 -9737
-6986 -9783
-6961 -9781
-6919 -9112
-6919 -7370
-6905 -7851
-6897 -8783
-6802 -8328
-6793 -7047
-6785 -9845
-6778 -9305
-6697 -6876
-6687 -8743
-6666 -8195
-6635 -9383
-6628 -7913
-6605 -9565
-6600 -9673
-6597 -9948
-6594 -7340
-6589 -9420
-6580 -7566
-6555 -8947
-6544 -6817
-6527 -8801
-6523 -7595
-6493 -6529
-6480 -7610
-6473 -9082
-6455 -9113
-6445 -7382
-6443 -8837
-6390 -6795
-6377 -9746
-6359 -8812
-6337 -8135
-6333 -6598
-6282 -6719
-6278 -8156
-6278 -7433
-6253 -9170
-6142 -8384
-6140 -8774
-6138 -7110
-6096 -6469
-6064 -8864
-6056 -9628
-6023 -6478
-6022 -7577
-6004 -9937
-5969 -8626
-5942 -8801
-5939 -9590
-5928 -7299
-5880 -6978
-5851 -8961
-5766 -8223
-5749 -8858
-5625 -5825
-5621 -5700
-5582 -6248
-5574 -5905
-5568 -6487
-5549 -9507
-5536 -9343
-5535 -7905
-5501 -5688
-5479 -8975
-5478 -5763
-5476 -9320
-5473 -9157
-5458 -7586
-5449 -8343
-5447 -6178
-5445 -6839
-5442 -8345
-5425 -8557
-5423 -6977
-5412 -8245
-5407 -9070
-5403 -6776
-5393 -9788
-5375 -7512
-5374 -5852
-5364 -7249
-5358 -7263
-5342 -5633
-5331 -7581
-5326 -9885
-5317 -8805
-5266 -5268
-5254 -7175
-5231 -8573
-5213 -7777
-5200 -5544
-5188 -6515
-5186 -9585
-5180 -8878
-5174 -5271
-5172 -5704
-5169 -7539
-5163 -6578
-5161 -9000
-5140 -9442
-5130 -9447
-5123 -7646
-5121 -7620
-5106 -7690
-5088 -6936
-5075 -6446
-5061 -8805
-5054 -8262
-5052 -8734
-5024 -5621
-5021 -9174
-5015 -5453
-5007 -6130
-4999 -8513
-4994 -6778
-4990 -9943
-4985 -6612
-4967 -8959
-4960 -8819
-4944 -6480
-4941 -5148
-4927 -6057
-4919 -9863
-4882 -7845
-4827 -7471
-4820 -8742
-4765 -6577
-4739 -6837
-4739 -6794
-4729 -7883
-4726 -5910
-4713 -8666
-4696 -7378
-4694 -7042
-4688 -9355
-4661 -7871
-4660 -6887
-4650 -5679
-4594 -8120
-4578 -5741
-4538 -8796
-4534 -6744
-4469 -8663
-4467 -8486
-4465 -6209
-4461 -6078
-4457 -9705
-4454 -8141
-4452 -9899
-4451 -7615
-4440 -9848
-4432 -5522
-4428 -4965
-4423 -9268
-4405 -7945
-4375 -9819
-4341 -7543
-4332 -9117
-4324 -7696
-4317 -6770
-4315 -8812
-4304 -7566
-4299 -4643
-4286 -6810
-4270 -7314
-4250 -6388
-4249 -9813
-4231 -4746
-4219 -7062
-4169 -9160
-4155 -7973
-4150 -8985
-4150 -8130
-4147 -6089
-4130 -5033
-4107 -9187
-4106 -5317
-4086 -7307
-4072 -4539
-4062 -8671
-4057 -6454
-4035 -4951
-4035 -4580
-4006 -7107
-3999 -7538
-3996 -7455
-3993 -8189
-3993 -6763
-3962 -5740
-3940 -6330
-3928 -6980
-3906 -5305
-3888 -4615
-3882 -7626
-3879 -6914
-3872 -7157
-3871 -6390
-3862 -7041
-3861 -7456
-3847 -5356
-3823 -5389
-3820 -4822
-3804 -5891
-3776 -4831
-3769 -5677
-3746 -8067
-3739 -9945
-3730 -9362
-3722 -7928
-3703 -6926
-3697 -4362
-3691 -8137
-3678 -7159
-3671 -8424
-3670 -5161
-3663 -8835
-3649 -5428
-3643 -6913
-3616 -8336
-3572 -6109
-3569 -6773
-3557 -9025
-3542 -6577
-3527 -4906
-3522 -9349
-3482 -6391
-3472 -9020
-3456 -3713
-3454 -8689
-3440 -8535
-3440 -7219
-3428 -9863
-3408 -5353
-3391 -4847
-3387 -7553
-3372 -8725
-3367 -6256
-3342 -9330
-3340 -9942
-3334 -9498
-3333 -7610
-3328 -8949
-3327 -5748
-3324 -7610
-3320 -9180
-3301 -4846
-3291 -7821
-3256 -9154
-3252 -4097
-3249 -4206
-3238 -8900
-3234 -5548
-3228 -6556
-3219 -4416
-3205 -5618
-3204 -3384
-3199 -5182
-3198 -5577
-3190 -6554
-3172 -8939
-3170 -3498
-3140 -5164
-3134 -7681
-3111 -6250
-3104 -6272
-3082 -6524
-3079 -5123
-3064 -5381
-3064 -5047
-3055 -7756
-3055 -7115
-3053 -3768
-3037 -8409
-3035 -8588
-3021 -4215
-3004 -4861
-2992 -4576
-2936 -7919
-2927 -3964
-2917 -9397
-2905 -9384
-2904 -8724
-2892 -5103
-2855 -4583
-2835 -2995
-2829 -6041
-2823 -9520
-2812 -5988
-2807 -5459
-2793 -4772
-2777 -6753
-2773 -9588
-2767 -4732
-2742 -8803
-2707 -7940
-2697 -3836
-2685 -4857
-2677 -9643
-2672 -9548
-2628 -5821
-2618 -5077
-2613 -4158
-2606 -9188
-2587 -7045
-2579 -5406
-2569 -5383
-2559 -3800
-2555 -9599
-2550 -4938
-2543 -4190
-2536 -2707
-2532 -6327
-2524 -6963
-2503 -3330
-2490 -2661
-2474 -5260
-2454 -6995
-2448 -7537
-2422 -3068
-2414 -3304
-2391 -6686
-2387 -2475
-2371 -4997
-2362 -9448
-2361 -6566
-2352 -8089
-2347 -5480
-2326 -6141
-2325 -9432
-2325 -2642
-2323 -4206
-2297 -5919
-2295 -9034
-2295 -3858
-2294 -4944
-2293 -3951
-2269 -8830
-2268 -9313
-2259 -4056
-2258 -9214
-2256 -7668
-2251 -3500
-2242 -7548
-2239 -2753
-2193 -2643
-2190 -5480
-2187 -7243
-2186 -2593
-2176 -7176
-2166 -4014
-2166 -2718
-2141 -3477
-2136 -4133
-2130 -6171
-2127 -6497
-2119 -6638
-2114 -6210
-2103 -6215
-2100 -2890
-2090 -7337
-2077 -6660
-2074 -3772
-2047 -4335
-2046 -2825
-2045 -6775
-2043 -8722
-2031 -5198
-2022 -3507
-2021 -8855
-2016 -7179
-2010 -8129
-2004 -5793
-2003 -9313
-1987 -3837
-1975 -8318
-1966 -6215
-1953 -6536
-1947 -7161
-1947 -4445
-1946 -5325
-1937 -9218
-1898 -4606
-1896 -5075
-1881 -4449
-1866 -3598
-1854 -5590
-1840 -6387
-1837 -4222
-1835 -7809
-1835 -3061
-1824 -3963
-1817 -6581
-1812 -3029
-1802 -8717
-1795 -1924
-1790 -4762
-1762 -9150
-1758 -4832
-1754 -4841
-1751 -4926
-1739 -8174
-1733 -5535
-1729 -6183
-1722 -5208
-1697 -4467
-1688 -2302
-1686 -4056
-1674 -5966
-1648 -7280
-1641 -2018
-1632 -4470
-1603 -6616
-1597 -2147
-1593 -9880
-1592 -6115
-1590 -3353
-1583 -8087
-1576 -2637
-1564 -1964
-1557 -4090
-1554 -4272
-1545 -7947
-1544 -7760
-1540 -9539
-1510 -5259
-1494 -5212
-1492 -3489
-1472 -9447
-1460 -2404
-1455 -7692
-1440 -4191
-1438 -3900
-1433 -5075
-1432 -7365
-1419 -4413
-1416 -8313
-1410 -7698
-1406 -8462
-1398 -8181
-1396 -6074
-1392 -9403
-1389 -3910
-1387 -7417
-1367 -3582
-1362 -4511
-1341 -4877
-1339 -4704
-1306 -8299
-1298 -3673
-1295 -8039
-1293 -8849
-1284 -9377
-1284 -2910
-1281 -2039
-1273 -5480
-1271 -5328
-1263 -2517
-1258 -7621
-1256 -7900
-1248 -8813
-1247 -6894
-1227 -3699
-1207 -8776
-1203 -4745
-1202 -4002
-1184 -3525
-1178 -2628
-1177 -8601
-1166 -5933
-1161 -3924
-1149 -5988
-1144 -9348
-1137 -1855
-1111 -7400
-1111 -4288
-1077 -7179
-1077 -3036
-1073 -7548
-1070 -3191
-1065 -7800
-1060 -6173
-1056 -9706
-1030 -6932
-996 -6791
-993 -6417
-989 -5376
-976 -9455
-975 -9233
-966 -9867
-964 -7302
-960 -7068
-948 -1477
-928 -6050
-921 -6618
-918 -8652
-908 -4174
-897 -9827
-896 -6757
-887 -8340
-874 -1079
-867 -3213
-860 -8384
-857 -6895
-841 -5236
-816 -4300
-799 -8085
-799 -6998
-796 -3578
-792 -3803
-787 -4776
-787 -4125
-781 -7844
-766 -4511
-760 -2223
-757 -7415
-740 -6083
-737 -8375
-733 -8905
-718 -1789
-710 -5089
-702 -1556
-697 -3335
-695 -1730
-664 -9359
-663 -5400
-657 -6319
-650 -9488
-650 -8330
-647 -6476
-641 -1240
-638 -2863
-636 -1450
-625 -1092
-623 -6464
-604 -3552
-589 -8984
-578 -7894
-577 -2793
-573 -6342
-571 -6855
-551 -1517
-543 -4629
-526 -848
-514 -1438
-496 -7585
-495 -3070
-485 -1688
-483 -6528
-482 -5746
-480 -3591
-464 -5400
-457 -4024
-455 -3667
-455 -3129
-443 -6398
-442 -3421
-431 -1643
-429 -6685
-402 -1906
-390 -8493
-378 -6932
-373 -6869
-371 -9921
-364 -6260
-361 -5028
-352 -5211
-351 -9112
-348 -3100
-341 -583
-324 -7442
-322 -5051
-320 -2808
-309 -9925
-301 -3440
-295 -4428
-295 -308
-294 -7696
-293 -1612
-285 -620
-269 -5689
-266 -5522
-261 -3876
-252 -8801
-228 -5772
-222 -7772
-219 -9201
-215 -7779
-214 -8678
-213 -6016
-203 -478
-186 -3707
-160 -294
-154 -5089
-134 -1883
-113 -7647
-110 -8858
-88 -4568
-88 -2530
-87 -8813
-75 -2468
-74 -4035
-72 -8413
-59 -3557
-58 -2982
-55 -1369
-43 -1729
-38 -8665
-30 -9950
-19 -2891
-6 -845
-5 -9238
6 -2221
12 -8387
18 -8841
52 -9448
54 -9344
96 -7529
103 -6696
129 -9413
163 -2416
195 -8069
199 -6299
205 -3057
214 -1279
227 -4551
227 -158
236 -3149
238 -3568
245 -3984
253 -4417
256 -5149
267 -7700
272 -7639
272 -668
276 -4881
283 -5120
286 -8003
286 -7264
286 -50
303 -8385
306 -2897
308 -5753
329 -9922
329 -5604
332 -8729
333 -8198
340 -4640
341 -1202
342 -3880
345 -5749
349 -2351
373 -2647
377 -3027
400 -5490
410 -7507
419 -1425
428 -959
443 -8386
444 -604
445 -1279
477 -1796
483 -4187
484 -3790
488 -4115
501 -2379
504 -4815
512 -9506
524 -5969
530 -6728
532 -894
533 -5226
533 -628
539 -8774
544 -3605
554 -8579
558 -1165
563 -6338
567 -1348
574 -2256
595 -9880
595 -2352
600 -2830
610 -5319
619 -1578
623 -3571
627 -8560
634 -4395
640 -647
658 -5696
662 -1924
665 -4239
668 -4430
668 -470
683 -9005
686 -6976
687 -7534
689 -4877
692 -5130
699 -3521
703 -4221
706 -6481
720 -3687
729 -514
732 -6752
757 -1423
761 -7983
761 -5742
763 -8127
766 -4971
769 -6123
772 -7572
773 735
777 -2192
797 718
799 -4272
815 -9938
820 -8506
824 -378
833 -3518
855 166
860 -1439
870 -8394
877 -3029
896 -7802
896 -2335
897 -8965
897 -1666
909 -3945
928 13
931 -9544
931 -4596
937 -819
939 -1768
943 -9296
950 -2528
955 -3638
968 415
969 -2409
977 -8800
978 -8901
987 -5061
991 -2529
1000 -4742
1023 -6769
1023 -5063
1038 -207
1042 -4078
1053 -8465
1054 -4838
1058 -9823
1063 -2283
1069 -5615
1072 72
1073 -6819
1097 -1904
1103 -8834
1104 -9491
1114 -2650
1118 -3309
1126 -1702
1127 -9592
1127 -6024
1127 -764
1133 -4371
1133 -3609
1139 -1315
1144 -8989
1149 599
1160 -8184
1162 989
1180 -8002
1189 -7949
1193 -1244
1202 -1107
1203 -3249
1225 -3658
1235 -3603
1236 -3526
1242 516
1252 -4756
1254 -794
1255 -1101
1266 -4824
1291 -3685
1322 -2861
1324 -5264
1335 -5694
1342 617
1347 -7779
1351 -5443
1363 -5412
1369 -6475
1372 678
1376 -3639
1383 -8606
1392 -9000
1398 -1730
1409 -8804
1410 1224
1415 -9541
1415 -7882
1416 -7791
1418 -2128
1422 -6150
1424 -9419
1432 -3502
1432 -1738
1471 -581
1475 -7543
1478 -341
1480 -2565
1493 -3077
1495 -2062
1529 -9564
1533 -8029
1538 -6393
1540 -4148
1557 -7642
1559 -9508
1562 -2637
1566 -7243
1569 -8826
1569 -6076
1570 -6868
1574 -5743
1583 -6008
1588 -7770
1588 -628
1589 -7487
1590 -8383
1590 -2995
1592 -4594
1596 -3715
1598 -2337
1598 69
1606 -9102
1606 -3804
1610 -8897
1626 -6256
1630 -2138
1636 -6075
1643 -6526
1647 -2067
1653 -7834
1672 -244
1677 -6614
1679 -5320
1686 -8336
1687 -3317
1688 -7950
1688 -390
1697 -393
1699 -4032
1712 -8579
1729 -8448
1737 -6285
1738 -2033
1740 -3111
1749 -7387
1750 -3529
1783 -264
1810 -9154
1812 -1133
1816 -4077
1822 -523
1833 -7359
1842 -146
1846 -9599
1849 -3168
1851 -7491
1856 330
1862 1623
1871 -3358
1872 -5264
1877 -3563
1877 -1662
1879 -8043
1880 -2990
1886 -2446
1891 -6116
1894 754
1897 -5856
1897 65
1902 -111
1903 -3672
1910 -3789
1917 -3442
1923 -2802
1932 -441
1934 -7248
1937 -9835
1939 -3810
1967 1174
1969 -9534
1972 255
1979 -4491
1985 -8114
1988 -3722
1989 -8561
1990 -3697
2008 -8007
2009 -7100
2030 -2488
2060 -7325
2079 -6618
2083 -4630
2095 -5403
2095 -2623
2106 -4803
2113 1893
2118 -4605
2125 -5461
2127 -6840
2132 -6043
2133 -4783
2151 -8500
2154 -3297
2168 -7087
2182 281
2194 2161
2209 -9141
2211 2188
2217 907
2221 -4155
2224 -5386
2237 -9741
2237 -6734
2253 -7107
2257 1968
2260 1838
2267 710
2273 1604
2278 -2020
2302 -1079
2314 -1109
2340 -8212
2348 -7931
2351 -2880
2367 -600
2368 -5248
2371 -6437
2371 -1007
2371 1558
2380 -782
2387 -4625
2390 -5922
2399 -3307
2399 -323
2433 -745
2440 2234
2448 -8235
2456 -9891
2458 -3190
2459 -5819
2464 2015
2484 -5736
2485 -8276
2486 -3963
2489 -1974
2490 -615
2494 -15
2497 -445
2498 -5299
2499 -5595
2511 1780
2541 -9897
2545 1376
2563 -3143
2572 -3277
2576 -8925
2580 -2812
2594 -4217
2615 -7943
2619 2519
2628 -2108
2629 -8496
2636 -123
2646 -9357
2648 -6125
2664 -7107
2664 1874
2668 -4646
2674 -3496
2675 -204
2685 -3063
2691 206
2694 -4346
2694 -3292
2695 -2730
2705 -7130
2728 -3138
2730 -207
2737 -8573
2738 1879
2742 -4339
2750 595
2754 -4583
2768 -3701
2769 -4254
2775 -456
2779 -4246
2779 2202
2781 -2885
2783 -8562
2790 -7412
2794 -5582
2818 -1869
2820 -7686
2837 -7837
2846 117
2850 1284
2855 1800
2868 -102
2881 -8235
2890 -9907
2892 -4572
2892 133
2893 1303
2907 -8288
2910 -9863
2923 -9289
2927 -5526
2928 -7091
2956 2029
2961 -1245
2963 389
2976 -1175
2981 -3189
2985 -7964
2993 -4554
2994 -1126
2996 2940
2997 -811
3001 -9384
3001 -2455
3006 -4816
3009 225
3017 -6583
3032 -9593
3033 1780
3042 -3147
3046 -2968
3049 -3781
3051 -4140
3055 1398
3056 767
3062 -2289
3065 -1090
3072 -1619
3073 -1031
3085 -5462
3095 -3714
3103 -9753
3115 -8377
3118 -7299
3119 -5291
3137 3013
3140 -4164
3149 -7438
3166 -7704
3173 -5449
3173 -1449
3176 1697
3179 -2539
3189 -8522
3194 -8989
3200 -2841
3202 -5307
3202 876
3204 2457
3205 -6326
3214 -8237
3220 389
3221 1142
3223 -7612
3235 -7211
3241 -2846
3243 -4511
3266 -8013
3266 -5352
3280 -5845
3281 18
3282 398
3288 -6954
3296 -329
3302 -3046
3305 -9790
3308 -9184
3309 -2569
3310 -7497
3318 -5659
3330 -5384
3348 -8432
3350 954
3352 816
3356 -4245
3358 -4201
3359 -9611
3367 -2977
3373 -1695
3380 2704
3385 -2634
3390 1391
3417 -2155
3422 -2108
3423 -6777
3434 3073
3439 3030
3444 297
3446 -4612
3446 -3811
3452 992
3453 -802
3459 -7399
3461 -1419
3461 957
3465 3083
3470 -6798
3478 -8284
3481 2166
3482 1077
3489 -7321
3499 -6809
3514 1305
3523 -9297
3526 -8083
3528 562
3535 -2624
3537 -6522
3539 -4988
3542 -9589
3542 -6349
3542 -5761
3544 -4533
3550 49
3555 -3588
3555 1843
3561 3396
3568 -6347
3569 -9528
3570 -5195
3570 1236
3572 -9462
3573 1998
3576 -5797
3580 3270
3585 550
3606 -4861
3607 -1843
3618 -9903
3631 -100
3636 -650
3640 -9144
3648 -6873
3654 3487
3669 -4994
3676 -3983
3683 1807
3686 -7835
3692 -6382
3693 -6016
3694 -9428
3700 1353
3705 -4583
3709 3534
3718 72
3719 -7067
3737 -6373
3744 -8061
3749 -6367
3752 -5565
3781 -2607
3790 -4943
3793 155
3795 -926
3814 350
3814 1718
3834 -2655
3842 672
3845 -7012
3848 -9674
3850 -4847
3852 2907
3856 -4603
3861 -1067
3865 1981
3869 -9554
3876 -4840
3884 -4225
3891 -2858
3891 1485
3893 -6862
3901 -3856
3909 -3336
3911 -8784
3913 -7449
3913 -2782
3918 -402
3928 -8497
3930 -9475
3937 2161
3939 3054
3943 -710
3944 -6794
3946 -3864
3956 -3
3962 -1420
3967 -899
3979 2424
3994 -8155
4011 -5048
4022 -941
4058 3221
4060 -7395
4064 -3736
4066 -247
4070 3662
4079 -5243
4079 -1767
4086 -1960
4088 1633
4088 3621
4089 -9725
4108 1126
4109 -4292
4110 -4570
4111 -8169
4115 -6388
4117 -1433
4127 -1816
4131 3722
4136 -4531
4146 2264
4157 1503
4161 -8307
4161 2807
4164 -9165
4167 144
4173 -9990
4174 -8149
4193 -2139
4199 -4412
4206 -6660
4206 2905
4208 -320
4211 -3922
4214 2648
4216 2599
4223 2308
4226 -6210
4226 2408
4229 2599
4235 -134
4245 -8780
4249 -3690
4255 3543
4256 -6535
4256 2500
4263 -2929
4265 -3033
4268 -6231
4270 -5321
4286 -4645
4290 -8985
4300 2197
4305 -83
4311 1326
4316 -7424
4316 1614
4320 478
4322 -2061
4323 -2210
4344 -8758
4347 -7889
4350 -6354
4364 -6350
4366 -8125
4367 3959
4369 -8343
4387 -9028
4392 908
4395 -8940
4401 3182
4404 2456
4416 -1787
4425 -4814
4428 -8313
4435 -1314
4436 3247
4449 -6007
4449 1326
4452 -8013
4454 -2120
4455 -7304
4460 -8653
4480 -4144
4489 3389
4490 2439
4492 -440
4496 -6252
4500 2076
4512 -7492
4517 -2303
4521 3140
4522 -7192
4526 -2504
4527 -8730
4538 2450
4539 -9103
4540 -2692
4546 4533
4547 3699
4553 2079
4563 -143
4575 -951
4576 -7902
4592 -2495
4623 -4766
4624 4089
4626 2103
4643 1745
4644 -1153
4645 -3411
4646 2941
4648 -1731
4648 21
4649 395
4651 215
4657 -2222
4660 -1862
4678 4662
4682 -7226
4689 -1271
4695 1080
4696 -9858
4700 -6573
4700 -4086
4706 -3141
4711 -7561
4729 -5375
4731 3568
4734 732
4749 1670
4751 2688
4754 2941
4762 4018
4767 -7703
4770 2340
4775 -5858
4781 -5455
4791 2427
4801 -1959
4809 788
4818 -5808
4829 -8281
4830 -5001
4831 1281
4835 -6157
4842 4545
4847 -3610
4856 -7820
4856 -5215
4857 -8880
4866 -8455
4876 -1578
4878 -3016
4880 -8536
4887 -7489
4890 -4742
4900 1647
4901 -128
4912 -1550
4924 3244
4939 -2739
4940 -3850
4945 -3021
4953 623
4955 4279
4956 -8636
4957 -5561
4958 3517
4967 -7877
4967 4583
4971 -8307
4987 966
4990 3400
4997 1776
5003 -2869
5006 -3070
5011 3502
5014 -3192
5015 2033
5016 -5842
5026 3355
5028 -5863
5029 -6960
5036 -307
5045 -9971
5053 -73
5058 -9721
5060 -4131
5060 -3181
5064 4293
5076 1789
5080 4129
5094 -7291
5096 -4346
5103 4279
5104 -5287
5104 1425
5105 -4078
5111 2942
5116 -7936
5116 1745
5118 2326
5119 -9268
5130 -2379
5136 1014
5139 -1167
5143 900
5150 84
5153 -3751
5173 -551
5177 3367
5180 -4536
5185 -4177
5191 -2947
5191 2225
5201 3999
5206 -4630
5210 -8454
5213 2257
5222 3844
5235 2331
5239 -1860
5242 -2452
5255 -4149
5257 -8217
5264 -4447
5269 -4706
5275 -6753
5276 -8416
5278 -1089
5282 -1227
5285 3095
5292 -4564
5296 2806
5300 4610
5305 -9815
5312 1170
5322 -3650
5323 -4214
5326 -251
5340 -6710
5345 -5485
5357 -6148
5360 -330
5376 -8745
5377 -2463
5382 -3239
5382 -588
5384 -4066
5391 -9790
5391 -9086
5392 -1194
5394 2828
5400 -8509
5406 -8460
5410 3099
5424 -5808
5433 -3991
5433 283
5435 -6010
5436 -1701
5443 4908
5444 -7043
5447 -6915
5454 2246
5455 3779
5458 -4222
5475 -1225
5475 125
5476 3167
5490 -9555
5496 121
5498 -655
5500 -5032
5508 -6615
5508 -2307
5514 -2839
5515 -7492
5516 -6497
5553 -6666
5554 554
5567 -249
5570 -5225
5575 -3301
5585 -1110
5586 -8273
5592 -5972
5593 2128
5598 787
5602 -3881
5603 -5561
5603 3466
5604 2457
5608 -8324
5608 -4528
5611 -3484
5616 -5641
5628 -4972
5633 -3206
5636 -2457
5636 5238
5650 -4571
5650 -4432
5655 -3565
5655 849
5656 -4410
5656 3458
5666 1222
5671 -9114
5674 -9185
5682 -5647
5696 1746
5697 3337
5700 5346
5721 -4097
5722 2461
5728 5229
5729 -5322
5730 -9991
5730 -4876
5735 2954
5745 -3769
5745 -2070
5747 -2666
5756 -6190
5756 4815
5757 -7794
5758 -8846
5758 4488
5763 -9652
5773 -8951
5786 -4362
5790 4196
5792 2618
5804 4736
5811 935
5813 574
5816 -4665
5819 3451
5823 -7273
5840 -4497
5842 427
5861 -6327
5864 1413
5878 -7867
5880 -5828
5884 -822
5888 746
5889 5422
5893 4822
5907 2541
5908 -1736
5914 -8795
5914 -2096
5915 -9289
5921 -5927
5921 -651
5923 -3810
5934 -8754
5934 931
5948 3517
5953 1129
5960 -3874
5962 -2520
5964 -3671
5965 -2896
5970 -5311
5972 -9125
5979 5073
5983 1687
5989 -6825
5990 -8577
6003 -1268
6005 4214
6008 -3905
6016 -960
6021 -2241
6028 -5685
6029 -4200
6041 -1213
6049 4567
6052 -307
6058 2479
6059 -3819
6076 -6694
6076 5469
6084 -6715
6097 -2975
6098 -1161
6102 5266
6103 1388
6106 5216
6114 2951
6122 -6848
6123 4650
6129 -3797
6129 5005
6130 965
6140 -7500
6141 5807
6144 2945
6146 -6059
6155 -8437
6156 4750
6165 -7969
6165 1844
6167 3693
6173 3759
6176 -4769
6178 3157
6184 2322
6190 -9329
6196 3426
6198 -9591
6199 -7385
6199 -3894
6199 1224
6207 -6681
6216 2247
6221 -6641
6223 -1379
6224 2593
6227 -1745
6243 -2110
6248 -7643
6253 -8149
6253 -530
6254 5492
6256 -4740
6257 -8442
6268 -4190
6270 2975
6292 -455
6292 4547
6297 -234
6303 -8277
6306 -2689
6310 3860
6315 -6140
6317 -2152
6320 1787
6322 -925
6323 -7954
6324 -8485
6334 -8632
6340 -2813
6360 -4055
6368 5796
6370 -7342
6371 -5931
6375 -6461
6384 -3979
6391 -1408
6392 4022
6397 -8364
6403 -9913
6414 -5845
6414 4661
6416 -7086
6423 -7442
6424 201
6428 4772
6429 923
6432 481
6433 3735
6433 6157
6445 -814
6448 -1785
6458 -119
6470 5845
6472 639
6473 4314
6482 3166
6486 -9874
6490 1327
6492 -3384
6493 -5332
6497 -2245
6506 1129
6508 -7117
6514 6179
6517 2023
6523 180
6529 -3888
6541 1689
6544 1198
6548 -5842
6558 5684
6559 -3544
6569 2662
6571 -1206
6579 6179
6584 514
6593 3755
6603 5781
6606 2758
6621 -9224
6628 -3621
6628 471
6630 -7995
6633 -5803
6635 -290
6640 -3781
6646 -3826
6646 -2305
6654 -4373
6654 3758
6661 2824
6666 2247
6667 -6833
6667 -3766
6671 -1051
6671 797
6673 6149
6677 234
6687 -7019
6688 -9686
6695 -1344
6700 -9491
6702 -1146
6706 -1121
6707 -1591
6708 -6743
6708 -5109
6708 -4202
6708 618
6710 838
6717 -2576
6719 1763
6720 -8175
6723 -274
6724 -5775
6724 -1934
6730 -1402
6735 -6497
6736 -1380
6738 -9741
6738 -9546
6739 -9745
6747 -5645
6749 -3919
6751 6404
6757 -9757
6768 -6604
6769 5355
6770 -4853
6772 -5795
6772 3407
6783 -6427
6792 1461
6798 1689
6804 -9217
6804 1302
6806 -771
6815 -6639
6821 -423
6822 -5447
6828 4681
6836 -3006
6840 5770
6840 6751
6841 3340
6848 -365
6856 4943
6867 5865
6868 5418
6870 -8040
6882 1119
6883 -4557
6887 755
6890 5309
6891 -1253
6910 -4842
6913 1377
6932 2291
6945 5821
6947 -4882
6951 -4364
6955 617
6962 4822
6969 -2008
6970 -7847
6975 -5430
6975 111
6999 4669
7006 6529
7007 -5592
7015 1586
7015 3471
7016 -7918
7023 2969
7026 -3977
7029 6723
7032 -386
7035 3007
7044 -398
7051 6644
7072 -6709
7075 5023
7078 413
7088 -269
7094 -5246
7094 3271
7103 -6090
7104 3239
7106 -999
7108 -7923
7112 -5032
7115 6509
7116 -4813
7116 -790
7134 2902
7142 -15
7145 -736
7155 -612
7163 307
7174 -7182
7176 3258
7177 6317
7182 4530
7188 -9559
7189 1124
7207 -7120
7210 6200
7215 -4052
7216 3244
7218 5357
7227 -4886
7229 -1767
7236 -6435
7241 -8249
7242 -1288
7243 -8319
7247 -1686
7248 -8783
7258 -1319
7260 6001
7264 -8071
7274 -1813
7277 7111
7283 -6591
7285 -8959
7285 2482
7286 -7263
7288 -7158
7288 2268
7290 -4767
7294 6675
7300 5867
7302 565
7304 1407
7311 -4015
7312 1054
7329 3613
7338 582
7345 6265
7353 647
7357 -7440
7363 -9483
7369 -2311
7370 3974
7374 691
7379 -2775
7390 2832
7403 -3427
7406 6182
7415 4748
7416 -3648
7420 5780
7429 2553
7430 7334
7431 -2888
7431 -2333
7433 -9845
7433 -8704
7434 6878
7441 -3416
7443 -6094
7444 -8206
7449 4477
7451 -9229
7454 -6745
7465 -380
7469 2854
7473 1906
7476 -4130
7480 -2999
7492 2825
7500 -8968
7501 -6682
7509 -3512
7512 -8237
7525 5355
7526 1478
7528 -8309
7528 1091
7533 6317
7535 -3664
7542 4612
7553 4165
7560 1150
7563 -4643
7580 -6599
7603 -984
7604 -2053
7605 2931
7610 2703
7610 6254
7615 4379
7625 -6097
7626 -5332
7629 4837
7629 5655
7631 3443
7637 3307
7642 -2712
7645 -2421
7646 1440
7647 7289
7648 5229
7653 4204
7659 2765
7663 -2767
7671 -4934
7680 -2862
7682 -7109
7683 3219
7690 -5165
7690 -2950
7708 -3724
7715 -3344
7718 5915
7721 -291
7732 -5718
7733 4263
7742 -6799
7744 3701
7764 5810
7767 7195
7780 2562
7791 -3000
7795 2784
7797 -6900
7806 -4177
7807 1608
7812 -9594
7824 6127
7827 -6625
7827 5465
7832 3576
7843 2633
7852 -7244
7879 -6401
7882 4347
7886 -9480
7897 -7062
7900 -472
7912 -2449
7916 -8895
7921 524
7928 4903
7930 -5930
7930 -1993
7943 -7323
7945 -1083
7946 -1515
7949 2313
7954 -4535
7962 -1855
7963 5566
7964 2364
7972 -6113
7974 -5513
7975 -3369
7977 6335
7979 7483
7987 -692
7989 -7575
7996 -2223
8001 6043
8016 101
8037 6840
8039 -9246
8045 2487
8076 -8294
8076 -7232
8078 637
8086 6948
8096 -986
8101 -7126
8101 -86
8118 412
8121 -9302
8130 2490
8138 5113
8143 1027
8143 7165
8151 -719
8157 -4678
8168 1687
8171 -1450
8174 6471
8176 -6982
8177 5070
8180 -3000
8180 -788
8186 5259
8190 -1079
8201 3016
8203 -7334
8204 5093
8204 5713
8217 -6698
8217 -2449
8219 2839
8222 5486
8227 -8119
8230 4079
8242 -8987
8262 -4776
8262 5609
8274 -8939
8274 -7193
8276 4295
8287 8206
8297 -5913
8300 -2700
8303 -419
8303 1750
8305 968
8306 -6619
8310 1625
8312 -3815
8314 -8445
8317 4574
8317 5810
8318 -7831
8322 246
8333 -9876
8333 5180
8335 1507
8341 8245
8344 -2539
8344 2880
8345 -8102
8346 -5761
8349 5091
8350 -4112
8358 6790
8363 -8732
8363 2154
8367 7794
8385 -7611
8387 728
8388 8313
8401 -6763
8402 -8048
8424 3490
8432 -6869
8432 -4835
8433 8294
8437 -4423
8444 -7768
8447 7523
8457 -3283
8459 952
8461 7809
8464 -9987
8465 -8012
8465 -2647
8468 1063
8468 6345
8470 -4196
8474 1413
8477 -7987
8480 6922
8486 5781
8491 -9378
8509 2955
8511 663
8513 -3407
8514 -8236
8517 -9028
8520 -4371
8523 -8210
8531 -5007
8539 -6245
8552 -5138
8553 3820
8570 7152
8572 -3581
8573 -3765
8579 -3532
8583 -6942
8589 -7399
8597 2846
8605 -7741
8611 4667
8613 -1649
8624 -7367
8624 4625
8624 5331
8626 4704
8627 -115
8628 -9830
8633 7731
8640 -1948
8645 -7949
8657 2990
8668 -5917
8668 -4492
8674 -8534
8679 3395
8683 -1235
8686 8543
8689 -9912
8689 -8731
8692 189
8696 -192
8699 -5572
8699 7863
8701 -5735
8702 8462
8703 -8369
8707 -1032
8712 -5338
8713 8502
8714 3319
8717 5796
8720 184
8721 5789
8722 -913
8724 -1447
8732 2146
8732 4078
8735 -7531
8736 -1430
8740 -9455
8744 2
8745 2016
8751 2083
8757 -2003
8760 -5239
8760 -464
8766 898
8767 3802
8769 7230
8770 -5854
8781 739
8782 -4130
8782 6592
8797 -861
8799 -4792
8809 -8164
8815 -9988
8818 8046
8821 7916
8822 8620
8825 -483
8826 -6180
8834 4527
8837 483
8840 3873
8841 -7549
8843 -3799
8849 320
8852 -410
8854 3510
8856 -3193
8859 -9608
8859 -4798
8867 -6913
8867 -1369
8870 2882
8872 -5463
8876 7841
8879 3141
8879 5786
8882 -3995
8884 5144
8889 1309
8890 3840
8890 4125
8901 7194
8903 842
8906 -4877
8921 -2649
8921 -1349
8925 -6043
8925 6023
8929 8539
8930 5227
8933 -8548
8938 -2842
8941 -7330
8943 -2479
8966 -4756
8970 5878
8975 919
8979 7345
8980 -1688
8982 4928
8983 557
8989 -1603
8990 -2083
9005 -1221
9008 -6484
9013 3681
9013 5512
9015 -9174
9024 1573
9024 2392
9028 3659
9029 5411
9030 4680
9032 -8710
9033 -9868
9034 2681
9035 -8392
9039 -5562
9040 8047
9047 4772
9050 2201
9054 -7615
9065 5644
9067 -1300
9069 2036
9075 -9062
9087 8581
9088 -6323
9089 -186
9098 -8208
9111 -9850
9112 -2487
9116 -7820
9119 7532
9122 -9253
9124 -2732
9126 -5260
9131 -537
9140 8382
9141 7454
9156 -6502
9158 1742
9160 6838
9163 -9002
9163 6114
9167 4871
9168 -3598
9168 8068
9168 8273
9190 7530
9191 -7062
9194 6877
9199 7029
9200 5440
9210 6796
9214 -7724
9215 -2986
9221 -1036
9221 7122
9225 2343
9226 -828
9232 1561
9242 4939
9243 1111
9250 849
9252 -4107
9254 -5540
9255 9241
9260 -8880
9264 -7039
9268 1875
9271 2079
9276 3065
9278 2607
9282 -5976
9284 -839
9292 1465
9294 982
9302 8359
9305 2380
9307 -7173
9307 7074
9308 1050
9312 -5901
9314 -1649
9316 8584
9323 -5871
9323 -418
9333 246
9335 -4434
9341 -1169
9355 3400
9360 -5796
9368 -1819
9374 9199
9381 -332
9382 -8084
9385 -199
9392 -1684
9405 -8527
9406 1601
9408 -5132
9419 -9845
9433 -7483
9434 5548
9454 -3674
9457 1584
9457 7739
9460 -1992
9461 -9342
9461 -2510
9481 -9866
9486 8525
9487 -9665
9495 -9181
9498 5029
9502 -9098
9508 8327
9512 -2325
9513 1466
9515 -5983
9517 7907
9517 8828
9518 -6905
9523 7430
9534 -3063
9537 -6802
9539 3908
9540 8961
9550 2887
9552 -1260
9552 4530
9553 -9557
9555 3125
9561 141
9566 193
9568 8346
9572 1459
9582 7394
9585 -9802
9588 400
9599 -4145
9600 -6876
9605 9409
9606 8572
9609 4453
9610 1500
9618 -8441
9618 -205
9622 3488
9623 -6277
9626 6024
9631 1096
9638 8201
9641 -9500
9645 306
9647 -9785
9648 2751
9654 2609
9655 -7882
9657 6635
9663 8038
9664 -3585
9666 9501
9667 1154
9670 -581
9671 -6191
9672 -1868
9672 1140
9677 2684
9689 -3725
9690 3015
9693 8305
9699 9350
9705 9258
9706 -3053
9713 9254
9720 3236
9723 -6807
9723 -1945
9730 -8637
9732 -9993
9732 -6732
9732 -5568
9733 4390
9734 2279
9735 -305
9737 -3869
9739 -7253
9739 6105
9741 7629
9750 -7530
9750 -1683
9750 1399
9751 8514
9755 8622
9756 7475
9759 -1249
9760 -1225
9760 -148
9769 1773
9774 -2213
9774 17
9776 981
9776 2453
9778 7488
9784 -140
9785 -5344
9786 -6797
9787 -2807
9789 8290
9793 -8711
9798 6410
9803 -1417
9806 849
9809 -5612
9812 -1150
9824 -3661
9827 -2759
9849 8251
9861 5074
9865 564
9868 -2651
9873 -5965
9873 5929
9874 3606
9876 501
9877 -2713
9888 1024
9891 697
9894 -2501
9895 -9900
9897 1875
9897 3074
9897 7791
9901 880
9907 -6186
9912 8088
9917 -626
9923 1075
9940 9201
9943 -8854
9946 -9961
9951 -4610
9957 1825
9965 -3989
9967 9642
9975 -156
9980 7474
9985 6927
9995 -5120
